<?xml version="1.0" encoding="UTF-8"?>
<!-- Generated by org.testng.reporters.JUnitXMLReporter -->
<testsuite ignored="0" hostname="LTIN-APLKJVH91RQCR" failures="0" tests="3" name="Default test" time="27.268" errors="0" timestamp="2024-05-18T17:45:16 IST">
  <testcase classname="scenarios.sc3Edge" name="storeUrlsTest" time="17.413"/>
  <testcase classname="scenarios.sc3Edge" name="printPageUrlTitleLinkTest" time="7.539"/>
  <testcase classname="scenarios.sc3Edge" name="maxLinkPageTitleTest" time="0.001"/>
</testsuite> <!-- Default test -->
