<?xml version="1.0" encoding="UTF-8"?>
<testng-results ignored="0" total="2" passed="2" failed="0" skipped="0">
  <reporter-output>
  </reporter-output>
  <suite started-at="2024-05-18T18:35:51 IST" name="Suite" finished-at="2024-05-18T18:36:01 IST" duration-ms="10605">
    <groups>
    </groups>
    <test started-at="2024-05-18T18:35:51 IST" name="Test" finished-at="2024-05-18T18:36:01 IST" duration-ms="10605">
      <class name="scenarios.sc4Firefox">
        <test-method is-config="true" signature="setUp()[pri:0, instance:scenarios.sc4Firefox@9225652]" started-at="2024-05-18T18:35:52 IST" name="setUp" finished-at="2024-05-18T18:35:53 IST" duration-ms="1270" status="PASS">
          <reporter-output>
          </reporter-output>
        </test-method> <!-- setUp -->
        <test-method signature="testBasicAuth()[pri:0, instance:scenarios.sc4Firefox@9225652]" started-at="2024-05-18T18:35:53 IST" name="testBasicAuth" finished-at="2024-05-18T18:35:57 IST" duration-ms="4067" status="PASS">
          <reporter-output>
          </reporter-output>
        </test-method> <!-- testBasicAuth -->
        <test-method is-config="true" signature="tearDown()[pri:0, instance:scenarios.sc4Firefox@9225652]" started-at="2024-05-18T18:36:01 IST" name="tearDown" finished-at="2024-05-18T18:36:01 IST" duration-ms="353" status="PASS">
          <reporter-output>
          </reporter-output>
        </test-method> <!-- tearDown -->
      </class> <!-- scenarios.sc4Firefox -->
      <class name="scenarios.sc4">
        <test-method is-config="true" signature="setUp()[pri:0, instance:scenarios.sc4@1700915]" started-at="2024-05-18T18:35:51 IST" name="setUp" finished-at="2024-05-18T18:35:52 IST" duration-ms="881" status="PASS">
          <reporter-output>
          </reporter-output>
        </test-method> <!-- setUp -->
        <test-method signature="testBasicAuth()[pri:0, instance:scenarios.sc4@1700915]" started-at="2024-05-18T18:35:57 IST" name="testBasicAuth" finished-at="2024-05-18T18:36:01 IST" duration-ms="3910" status="PASS">
          <reporter-output>
          </reporter-output>
        </test-method> <!-- testBasicAuth -->
        <test-method is-config="true" signature="tearDown()[pri:0, instance:scenarios.sc4@1700915]" started-at="2024-05-18T18:36:01 IST" name="tearDown" finished-at="2024-05-18T18:36:01 IST" duration-ms="117" status="PASS">
          <reporter-output>
          </reporter-output>
        </test-method> <!-- tearDown -->
      </class> <!-- scenarios.sc4 -->
    </test> <!-- Test -->
  </suite> <!-- Suite -->
</testng-results>
